<?xml version="1.0" encoding="UTF-8"?>
<!-- Generated by org.testng.reporters.JUnitXMLReporter -->
<testsuite ignored="0" hostname="Sahitya" failures="0" tests="1" name="loginTest" time="0.189" errors="0" timestamp="2024-08-19T12:46:39 IST">
  <testcase classname="com.hybrid.bank.baseclass.base" name="@BeforeClass init_driver" time="0.009">
    <failure type="java.io.FileNotFoundException" message="D:\javaprogram\hybrid_Driven\src\test\java\com\hybrid\bank\properties\config.properties (The system cannot find the path specified)">
      <![CDATA[java.io.FileNotFoundException: D:\javaprogram\hybrid_Driven\src\test\java\com\hybrid\bank\properties\config.properties (The system cannot find the path specified)
at java.base/java.io.FileInputStream.open0(Native Method)
at java.base/java.io.FileInputStream.open(FileInputStream.java:219)
at java.base/java.io.FileInputStream.<init>(FileInputStream.java:158)
at java.base/java.io.FileInputStream.<init>(FileInputStream.java:112)
at com.hybrid.bank.baseclass.repositry.init_prop(repositry.java:13)
at com.hybrid.bank.baseclass.base.init_driver(base.java:29)
at java.base/java.util.ArrayList.forEach(ArrayList.java:1511)
at java.base/java.util.concurrent.FutureTask.run(FutureTask.java:317)
at java.base/java.util.concurrent.ThreadPoolExecutor.runWorker(ThreadPoolExecutor.java:1144)
at java.base/java.util.concurrent.ThreadPoolExecutor$Worker.run(ThreadPoolExecutor.java:642)
at java.base/java.lang.Thread.run(Thread.java:1589)
... Removed 13 stack frames]]>
    </failure>
  </testcase> <!-- @BeforeClass init_driver -->
  <testcase classname="com.hybrid.bank.baseclass.base" name="@AfterClass close" time="0.0">
    <skipped/>
  </testcase> <!-- @AfterClass close -->
  <testcase classname="com.hybrid.bank.test.loginpagetest" name="test" time="0.0">
    <skipped/>
  </testcase> <!-- test -->
</testsuite> <!-- loginTest -->
